# JRE version: Java(TM) SE Runtime Environment (8.0_241-b07) (build 1.8.0_241-b07)
# Java VM: Java HotSpot(TM) 64-Bit Server VM (25.241-b07 mixed mode windows-amd64 compressed oops)
Heap:
 PSYoungGen      total 434176K, used 332142K [0x00000000e0000000, 0x0000000100000000, 0x0000000100000000)
  eden space 346112K, 81% used [0x00000000e0000000,0x00000000f125c130,0x00000000f5200000)
  from space 88064K, 58% used [0x00000000faa00000,0x00000000fdbff798,0x0000000100000000)
  to   space 89088K, 0% used [0x00000000f5200000,0x00000000f5200000,0x00000000fa900000)
 ParOldGen       total 319488K, used 261142K [0x00000000a0000000, 0x00000000b3800000, 0x00000000e0000000)
  object space 319488K, 81% used [0x00000000a0000000,0x00000000aff05910,0x00000000b3800000)
 Metaspace       used 201772K, capacity 214150K, committed 214400K, reserved 1234944K
  class space    used 25870K, capacity 27935K, committed 28032K, reserved 1048576K
GC Heap History (10 events):
Event: 4090.673 GC heap before
{Heap before GC invocations=91 (full 7):
 PSYoungGen      total 429568K, used 386794K [0x00000000e0000000, 0x0000000100000000, 0x0000000100000000)
  eden space 343552K, 99% used [0x00000000e0000000,0x00000000f4f7f548,0x00000000f4f80000)
  from space 86016K, 50% used [0x00000000f4f80000,0x00000000f79bb548,0x00000000fa380000)
  to   space 86528K, 0% used [0x00000000fab80000,0x00000000fab80000,0x0000000100000000)
 ParOldGen       total 319488K, used 261118K [0x00000000a0000000, 0x00000000b3800000, 0x00000000e0000000)
  object space 319488K, 81% used [0x00000000a0000000,0x00000000afeff910,0x00000000b3800000)
 Metaspace       used 186549K, capacity 196318K, committed 196608K, reserved 1220608K
  class space    used 23863K, capacity 25591K, committed 25600K, reserved 1048576K
Event: 4090.744 GC heap after
Heap after GC invocations=91 (full 7):
 PSYoungGen      total 433664K, used 37058K [0x00000000e0000000, 0x00000000ffb80000, 0x0000000100000000)
  eden space 351744K, 0% used [0x00000000e0000000,0x00000000e0000000,0x00000000f5780000)
  from space 81920K, 45% used [0x00000000fab80000,0x00000000fcfb0a70,0x00000000ffb80000)
  to   space 83968K, 0% used [0x00000000f5780000,0x00000000f5780000,0x00000000fa980000)
 ParOldGen       total 319488K, used 261118K [0x00000000a0000000, 0x00000000b3800000, 0x00000000e0000000)
  object space 319488K, 81% used [0x00000000a0000000,0x00000000afeff910,0x00000000b3800000)
 Metaspace       used 186549K, capacity 196318K, committed 196608K, reserved 1220608K
  class space    used 23863K, capacity 25591K, committed 25600K, reserved 1048576K
}
Event: 5092.419 GC heap before
{Heap before GC invocations=92 (full 7):
 PSYoungGen      total 433664K, used 388802K [0x00000000e0000000, 0x00000000ffb80000, 0x0000000100000000)
  eden space 351744K, 100% used [0x00000000e0000000,0x00000000f5780000,0x00000000f5780000)
  from space 81920K, 45% used [0x00000000fab80000,0x00000000fcfb0a70,0x00000000ffb80000)
  to   space 83968K, 0% used [0x00000000f5780000,0x00000000f5780000,0x00000000fa980000)
 ParOldGen       total 319488K, used 261118K [0x00000000a0000000, 0x00000000b3800000, 0x00000000e0000000)
  object space 319488K, 81% used [0x00000000a0000000,0x00000000afeff910,0x00000000b3800000)
 Metaspace       used 187976K, capacity 199202K, committed 199424K, reserved 1222656K
  class space    used 24110K, capacity 26027K, committed 26112K, reserved 1048576K
Event: 5092.508 GC heap after
Heap after GC invocations=92 (full 7):
 PSYoungGen      total 435712K, used 32873K [0x00000000e0000000, 0x00000000ffb00000, 0x0000000100000000)
  eden space 351744K, 0% used [0x00000000e0000000,0x00000000e0000000,0x00000000f5780000)
  from space 83968K, 39% used [0x00000000f5780000,0x00000000f779a518,0x00000000fa980000)
  to   space 80384K, 0% used [0x00000000fac80000,0x00000000fac80000,0x00000000ffb00000)
 ParOldGen       total 319488K, used 261118K [0x00000000a0000000, 0x00000000b3800000, 0x00000000e0000000)
  object space 319488K, 81% used [0x00000000a0000000,0x00000000afeff910,0x00000000b3800000)
 Metaspace       used 187976K, capacity 199202K, committed 199424K, reserved 1222656K
  class space    used 24110K, capacity 26027K, committed 26112K, reserved 1048576K
}
Event: 5101.233 GC heap before
{Heap before GC invocations=93 (full 7):
 PSYoungGen      total 435712K, used 384617K [0x00000000e0000000, 0x00000000ffb00000, 0x0000000100000000)
  eden space 351744K, 100% used [0x00000000e0000000,0x00000000f5780000,0x00000000f5780000)
  from space 83968K, 39% used [0x00000000f5780000,0x00000000f779a518,0x00000000fa980000)
  to   space 80384K, 0% used [0x00000000fac80000,0x00000000fac80000,0x00000000ffb00000)
 ParOldGen       total 319488K, used 261118K [0x00000000a0000000, 0x00000000b3800000, 0x00000000e0000000)
  object space 319488K, 81% used [0x00000000a0000000,0x00000000afeff910,0x00000000b3800000)
 Metaspace       used 195635K, capacity 207268K, committed 207360K, reserved 1228800K
  class space    used 25096K, capacity 27080K, committed 27136K, reserved 1048576K
Event: 5101.357 GC heap after
Heap after GC invocations=93 (full 7):
 PSYoungGen      total 433664K, used 56507K [0x00000000e0000000, 0x0000000100000000, 0x0000000100000000)
  eden space 353280K, 0% used [0x00000000e0000000,0x00000000e0000000,0x00000000f5900000)
  from space 80384K, 70% used [0x00000000fac80000,0x00000000fe3aed30,0x00000000ffb00000)
  to   space 85504K, 0% used [0x00000000f5900000,0x00000000f5900000,0x00000000fac80000)
 ParOldGen       total 319488K, used 261126K [0x00000000a0000000, 0x00000000b3800000, 0x00000000e0000000)
  object space 319488K, 81% used [0x00000000a0000000,0x00000000aff01910,0x00000000b3800000)
 Metaspace       used 195635K, capacity 207268K, committed 207360K, reserved 1228800K
  class space    used 25096K, capacity 27080K, committed 27136K, reserved 1048576K
}
Event: 5106.396 GC heap before
{Heap before GC invocations=94 (full 7):
 PSYoungGen      total 433664K, used 409787K [0x00000000e0000000, 0x0000000100000000, 0x0000000100000000)
  eden space 353280K, 100% used [0x00000000e0000000,0x00000000f5900000,0x00000000f5900000)
  from space 80384K, 70% used [0x00000000fac80000,0x00000000fe3aed30,0x00000000ffb00000)
  to   space 85504K, 0% used [0x00000000f5900000,0x00000000f5900000,0x00000000fac80000)
 ParOldGen       total 319488K, used 261126K [0x00000000a0000000, 0x00000000b3800000, 0x00000000e0000000)
  object space 319488K, 81% used [0x00000000a0000000,0x00000000aff01910,0x00000000b3800000)
 Metaspace       used 200179K, capacity 212172K, committed 212352K, reserved 1234944K
  class space    used 25675K, capacity 27712K, committed 27776K, reserved 1048576K
Event: 5106.548 GC heap after
Heap after GC invocations=94 (full 7):
 PSYoungGen      total 406016K, used 52651K [0x00000000e0000000, 0x0000000100000000, 0x0000000100000000)
  eden space 353280K, 0% used [0x00000000e0000000,0x00000000e0000000,0x00000000f5900000)
  from space 52736K, 99% used [0x00000000f5900000,0x00000000f8c6ad00,0x00000000f8c80000)
  to   space 88064K, 0% used [0x00000000faa00000,0x00000000faa00000,0x0000000100000000)
 ParOldGen       total 319488K, used 261134K [0x00000000a0000000, 0x00000000b3800000, 0x00000000e0000000)
  object space 319488K, 81% used [0x00000000a0000000,0x00000000aff03910,0x00000000b3800000)
 Metaspace       used 200179K, capacity 212172K, committed 212352K, reserved 1234944K
  class space    used 25675K, capacity 27712K, committed 27776K, reserved 1048576K
}
Event: 5109.584 GC heap before
{Heap before GC invocations=95 (full 7):
 PSYoungGen      total 406016K, used 405931K [0x00000000e0000000, 0x0000000100000000, 0x0000000100000000)
  eden space 353280K, 100% used [0x00000000e0000000,0x00000000f5900000,0x00000000f5900000)
  from space 52736K, 99% used [0x00000000f5900000,0x00000000f8c6ad00,0x00000000f8c80000)
  to   space 88064K, 0% used [0x00000000faa00000,0x00000000faa00000,0x0000000100000000)
 ParOldGen       total 319488K, used 261134K [0x00000000a0000000, 0x00000000b3800000, 0x00000000e0000000)
  object space 319488K, 81% used [0x00000000a0000000,0x00000000aff03910,0x00000000b3800000)
 Metaspace       used 201347K, capacity 213710K, committed 213760K, reserved 1234944K
  class space    used 25821K, capacity 27901K, committed 27904K, reserved 1048576K
Event: 5109.766 GC heap after
Heap after GC invocations=95 (full 7):
 PSYoungGen      total 434176K, used 51197K [0x00000000e0000000, 0x0000000100000000, 0x0000000100000000)
  eden space 346112K, 0% used [0x00000000e0000000,0x00000000e0000000,0x00000000f5200000)
  from space 88064K, 58% used [0x00000000faa00000,0x00000000fdbff798,0x0000000100000000)
  to   space 89088K, 0% used [0x00000000f5200000,0x00000000f5200000,0x00000000fa900000)
 ParOldGen       total 319488K, used 261142K [0x00000000a0000000, 0x00000000b3800000, 0x00000000e0000000)
  object space 319488K, 81% used [0x00000000a0000000,0x00000000aff05910,0x00000000b3800000)
 Metaspace       used 201347K, capacity 213710K, committed 213760K, reserved 1234944K
  class space    used 25821K, capacity 27901K, committed 27904K, reserved 1048576K
}

